  LoadShaders.cpp
  Project3MainProgram.cpp
  stb_image.cpp
  Generating Code...
LINK : warning LNK4098: defaultlib 'LIBCMT' conflicts with use of other libs; use /NODEFAULTLIB:library
LINK : warning LNK4217: symbol 'glewInit' defined in 'glew32s.lib(glew.obj)' is imported by 'Project3MainProgram.obj' in function '"int __cdecl glutStartUp(int &,char * * const,class std::basic_string<char,struct std::char_traits<char>,class std::allocator<char> >,int,int)" (?glutStartUp@@YAHAEAHQEAPEADV?$basic_string@DU?$char_traits@D@std@@V?$allocator@D@2@@std@@HH@Z)'
LINK : warning LNK4217: symbol '__glewActiveTexture' defined in 'glew32s.lib(glew.obj)' is imported by 'Project3MainProgram.obj' in function '"void __cdecl init(class std::basic_string<char,struct std::char_traits<char>,class std::allocator<char> >,class std::basic_string<char,struct std::char_traits<char>,class std::allocator<char> >,class std::basic_string<char,struct std::char_traits<char>,class std::allocator<char> >,class std::basic_string<char,struct std::char_traits<char>,class std::allocator<char> >)" (?init@@YAXV?$basic_string@DU?$char_traits@D@std@@V?$allocator@D@2@@std@@000@Z)'
LINK : warning LNK4217: symbol '__glewBindBuffer' defined in 'glew32s.lib(glew.obj)' is imported by 'Project3MainProgram.obj' in function '"void __cdecl buildObjects(void)" (?buildObjects@@YAXXZ)'
LINK : warning LNK4217: symbol '__glewBufferData' defined in 'glew32s.lib(glew.obj)' is imported by 'Project3MainProgram.obj' in function '"void __cdecl buildObjects(void)" (?buildObjects@@YAXXZ)'
LINK : warning LNK4217: symbol '__glewBufferSubData' defined in 'glew32s.lib(glew.obj)' is imported by 'Project3MainProgram.obj' in function '"void __cdecl buildObjects(void)" (?buildObjects@@YAXXZ)'
LINK : warning LNK4217: symbol '__glewGenBuffers' defined in 'glew32s.lib(glew.obj)' is imported by 'Project3MainProgram.obj' in function '"void __cdecl buildObjects(void)" (?buildObjects@@YAXXZ)'
LINK : warning LNK4217: symbol '__glewEnableVertexAttribArray' defined in 'glew32s.lib(glew.obj)' is imported by 'Project3MainProgram.obj' in function '"void __cdecl buildObjects(void)" (?buildObjects@@YAXXZ)'
LINK : warning LNK4217: symbol '__glewGetActiveUniform' defined in 'glew32s.lib(glew.obj)' is imported by 'Project3MainProgram.obj' in function '"void __cdecl getLocations(void)" (?getLocations@@YAXXZ)'
LINK : warning LNK4217: symbol '__glewGetAttribLocation' defined in 'glew32s.lib(glew.obj)' is imported by 'Project3MainProgram.obj' in function '"void __cdecl buildObjects(void)" (?buildObjects@@YAXXZ)'
LINK : warning LNK4217: symbol '__glewGetProgramiv' defined in 'glew32s.lib(glew.obj)' is imported by 'Project3MainProgram.obj' in function '"void __cdecl getLocations(void)" (?getLocations@@YAXXZ)'
LINK : warning LNK4217: symbol '__glewGetUniformLocation' defined in 'glew32s.lib(glew.obj)' is imported by 'Project3MainProgram.obj' in function '"void __cdecl init(class std::basic_string<char,struct std::char_traits<char>,class std::allocator<char> >,class std::basic_string<char,struct std::char_traits<char>,class std::allocator<char> >,class std::basic_string<char,struct std::char_traits<char>,class std::allocator<char> >,class std::basic_string<char,struct std::char_traits<char>,class std::allocator<char> >)" (?init@@YAXV?$basic_string@DU?$char_traits@D@std@@V?$allocator@D@2@@std@@000@Z)'
LINK : warning LNK4217: symbol '__glewUniform1i' defined in 'glew32s.lib(glew.obj)' is imported by 'Project3MainProgram.obj' in function '"void __cdecl init(class std::basic_string<char,struct std::char_traits<char>,class std::allocator<char> >,class std::basic_string<char,struct std::char_traits<char>,class std::allocator<char> >,class std::basic_string<char,struct std::char_traits<char>,class std::allocator<char> >,class std::basic_string<char,struct std::char_traits<char>,class std::allocator<char> >)" (?init@@YAXV?$basic_string@DU?$char_traits@D@std@@V?$allocator@D@2@@std@@000@Z)'
LINK : warning LNK4217: symbol '__glewUniform3fv' defined in 'glew32s.lib(glew.obj)' is imported by 'Project3MainProgram.obj' in function '"void __cdecl display(void)" (?display@@YAXXZ)'
LINK : warning LNK4217: symbol '__glewUniformMatrix3fv' defined in 'glew32s.lib(glew.obj)' is imported by 'Project3MainProgram.obj' in function '"void __cdecl display(void)" (?display@@YAXXZ)'
LINK : warning LNK4217: symbol '__glewUniformMatrix4fv' defined in 'glew32s.lib(glew.obj)' is imported by 'Project3MainProgram.obj' in function '"void __cdecl display(void)" (?display@@YAXXZ)'
LINK : warning LNK4217: symbol '__glewUseProgram' defined in 'glew32s.lib(glew.obj)' is imported by 'Project3MainProgram.obj' in function '"void __cdecl buildObjects(void)" (?buildObjects@@YAXXZ)'
LINK : warning LNK4217: symbol '__glewVertexAttribPointer' defined in 'glew32s.lib(glew.obj)' is imported by 'Project3MainProgram.obj' in function '"void __cdecl buildObjects(void)" (?buildObjects@@YAXXZ)'
LINK : warning LNK4217: symbol '__glewBindVertexArray' defined in 'glew32s.lib(glew.obj)' is imported by 'Project3MainProgram.obj' in function '"void __cdecl buildObjects(void)" (?buildObjects@@YAXXZ)'
LINK : warning LNK4217: symbol '__glewGenVertexArrays' defined in 'glew32s.lib(glew.obj)' is imported by 'Project3MainProgram.obj' in function '"void __cdecl buildObjects(void)" (?buildObjects@@YAXXZ)'
glew32s.lib(glew.obj) : warning LNK4099: PDB 'vc120.pdb' was not found with 'glew32s.lib(glew.obj)' or at 'C:\Users\Jake\Documents\EECS 4530\Project 3 REVISED\x64\Debug\vc120.pdb'; linking object as if no debug info
  Project 3 REVISED.vcxproj -> C:\Users\Jake\Documents\EECS 4530\Project 3 REVISED\x64\Debug\Project 3 REVISED.exe
